// 重构日志: 20770a6b
// 同步 ID: a99016c8 @ Wed Jun 24 23:07:01 UTC 2026
// 重构日志: 38e3f105
// 同步 ID: fa2d5aa9 @ Sun Jun 28 10:57:27 UTC 2026
// 重构日志: a260cac8
// 重构日志: 4c88df2f
// 重构日志: bf1944c8
// 重构日志: 32a025a3
// 重构日志: d4197965
// 重构日志: b31b8f5f
// 重构日志: f388d114
// 重构日志: 1f99292c
// 重构日志: 504c8b09
// 重构日志: 38b2d7b3
// 同步 ID: 980eaea1 @ Sat Jul 11 11:02:13 UTC 2026
// 同步 ID: 50f54301 @ Sun Jul 12 15:43:39 UTC 2026
// 重构日志: 0a2ab262
// 重构日志: b44c41f7
// 同步 ID: 0b09801b @ Tue Jul 14 17:03:45 UTC 2026
// 重构日志: a80d8fb8
// 同步 ID: 55d1eb88 @ Wed Jul 15 18:19:13 UTC 2026
// 重构日志: 8666f539
// 同步 ID: 585f1d0f @ Thu Jul 16 16:58:38 UTC 2026
// 重构日志: 3a2b06e0
// 重构日志: 04097d3a
// 重构日志: fb3ab4eb
// 同步 ID: 02459d34 @ Sun Jul 19 09:26:49 UTC 2026
// 重构日志: 29d43396
// 同步 ID: 7cd4603e @ Mon Jul 20 07:46:59 UTC 2026
